Project/app/build/intermediates/manifest_merge_blame_file/debug/manifest-merger-blame-debug-report.txt
1<?xml version="1.0" encoding="utf-8"?>
2<manifest xmlns:android="http://schemas.android.com/apk/res/android"
3    package="cmsc436.changemyview"
4    android:versionCode="1"
5    android:versionName="1.0" >
6
7    <uses-sdk
8        android:minSdkVersion="29"
8-->src/main/AndroidManifest.xml
9        android:targetSdkVersion="30" />
9-->src/main/AndroidManifest.xml
10
11    <uses-permission android:name="android.permission.INTERNET" />
11-->src/main/AndroidManifest.xml:5:5-67
11-->src/main/AndroidManifest.xml:5:22-64
12    <uses-permission android:name="android.permission.ACCESS_NETWORK_STATE" />
12-->[com.google.firebase:firebase-auth:20.0.1] AndroidManifest.xml:24:5-79
12-->[com.google.firebase:firebase-auth:20.0.1] AndroidManifest.xml:24:22-76
13
14    <application
14-->src/main/AndroidManifest.xml:7:5-51:19
15        android:allowBackup="true"
15-->src/main/AndroidManifest.xml:8:9-35
16        android:appComponentFactory="androidx.core.app.CoreComponentFactory"
16-->[androidx.core:core:1.3.2] AndroidManifest.xml:24:18-86
17        android:debuggable="true"
18        android:extractNativeLibs="false"
19        android:icon="@mipmap/ic_launcher"
19-->src/main/AndroidManifest.xml:9:9-43
20        android:label="@string/app_name"
20-->src/main/AndroidManifest.xml:10:9-41
21        android:roundIcon="@mipmap/ic_launcher_round"
21-->src/main/AndroidManifest.xml:11:9-54
22        android:supportsRtl="true"
22-->src/main/AndroidManifest.xml:12:9-35
23        android:testOnly="true"
24        android:theme="@style/AppTheme" >
24-->src/main/AndroidManifest.xml:13:9-40
25        <activity
25-->src/main/AndroidManifest.xml:15:9-23:20
26            android:name="cmsc436.changemyview.MainActivity"
26-->src/main/AndroidManifest.xml:16:13-41
27            android:exported="true"
27-->src/main/AndroidManifest.xml:17:13-36
28            android:windowSoftInputMode="adjustResize" >
28-->src/main/AndroidManifest.xml:18:13-55
29            <intent-filter>
29-->src/main/AndroidManifest.xml:19:13-22:29
30                <action android:name="android.intent.action.MAIN" />
30-->src/main/AndroidManifest.xml:20:17-69
30-->src/main/AndroidManifest.xml:20:25-66
31
32                <category android:name="android.intent.category.LAUNCHER" />
32-->src/main/AndroidManifest.xml:21:17-77
32-->src/main/AndroidManifest.xml:21:27-74
33            </intent-filter>
34        </activity>
35        <activity android:name="cmsc436.changemyview.chat_activity" >
35-->src/main/AndroidManifest.xml:25:9-27:20
35-->src/main/AndroidManifest.xml:26:13-42
36        </activity>
37        <activity android:name="cmsc436.changemyview.TopicActivity" >
37-->src/main/AndroidManifest.xml:28:9-30:20
37-->src/main/AndroidManifest.xml:29:13-42
38        </activity>
39        <activity android:name="cmsc436.changemyview.ProfileActivity" >
39-->src/main/AndroidManifest.xml:31:9-33:20
39-->src/main/AndroidManifest.xml:32:13-44
40        </activity>
41        <activity
41-->src/main/AndroidManifest.xml:34:9-37:20
42            android:name="cmsc436.changemyview.LoginActivity"
42-->src/main/AndroidManifest.xml:35:13-42
43            android:windowSoftInputMode="adjustResize" >
43-->src/main/AndroidManifest.xml:36:13-55
44        </activity>
45        <activity
45-->src/main/AndroidManifest.xml:38:9-41:20
46            android:name="cmsc436.changemyview.RegisterActivity"
46-->src/main/AndroidManifest.xml:39:13-45
47            android:windowSoftInputMode="adjustResize" >
47-->src/main/AndroidManifest.xml:40:13-55
48        </activity>
49        <activity android:name="cmsc436.changemyview.ResultsActivity" >
49-->src/main/AndroidManifest.xml:42:9-44:20
49-->src/main/AndroidManifest.xml:43:13-44
50        </activity>
51        <activity android:name="cmsc436.changemyview.SurveyActivity" >
51-->src/main/AndroidManifest.xml:45:9-47:20
51-->src/main/AndroidManifest.xml:46:13-43
52        </activity>
53        <activity android:name="cmsc436.changemyview.QueueActivity" >
53-->src/main/AndroidManifest.xml:48:9-50:20
53-->src/main/AndroidManifest.xml:49:13-42
54        </activity>
55        <activity
55-->[com.google.firebase:firebase-auth:20.0.1] AndroidManifest.xml:27:9-44:20
56            android:name="com.google.firebase.auth.internal.GenericIdpActivity"
56-->[com.google.firebase:firebase-auth:20.0.1] AndroidManifest.xml:28:13-80
57            android:excludeFromRecents="true"
57-->[com.google.firebase:firebase-auth:20.0.1] AndroidManifest.xml:29:13-46
58            android:exported="true"
58-->[com.google.firebase:firebase-auth:20.0.1] AndroidManifest.xml:30:13-36
59            android:launchMode="singleTask"
59-->[com.google.firebase:firebase-auth:20.0.1] AndroidManifest.xml:31:13-44
60            android:theme="@android:style/Theme.Translucent.NoTitleBar" >
60-->[com.google.firebase:firebase-auth:20.0.1] AndroidManifest.xml:32:13-72
61            <intent-filter>
61-->[com.google.firebase:firebase-auth:20.0.1] AndroidManifest.xml:33:13-43:29
62                <action android:name="android.intent.action.VIEW" />
62-->[com.google.firebase:firebase-auth:20.0.1] AndroidManifest.xml:34:17-69
62-->[com.google.firebase:firebase-auth:20.0.1] AndroidManifest.xml:34:25-66
63
64                <category android:name="android.intent.category.DEFAULT" />
64-->[com.google.firebase:firebase-auth:20.0.1] AndroidManifest.xml:36:17-76
64-->[com.google.firebase:firebase-auth:20.0.1] AndroidManifest.xml:36:27-73
65                <category android:name="android.intent.category.BROWSABLE" />
65-->[com.google.firebase:firebase-auth:20.0.1] AndroidManifest.xml:37:17-78
65-->[com.google.firebase:firebase-auth:20.0.1] AndroidManifest.xml:37:27-75
66
67                <data
67-->[com.google.firebase:firebase-auth:20.0.1] AndroidManifest.xml:39:17-42:51
68                    android:host="firebase.auth"
68-->[com.google.firebase:firebase-auth:20.0.1] AndroidManifest.xml:40:21-49
69                    android:path="/"
69-->[com.google.firebase:firebase-auth:20.0.1] AndroidManifest.xml:41:21-37
70                    android:scheme="genericidp" />
70-->[com.google.firebase:firebase-auth:20.0.1] AndroidManifest.xml:42:21-48
71            </intent-filter>
72        </activity>
73        <activity
73-->[com.google.firebase:firebase-auth:20.0.1] AndroidManifest.xml:45:9-62:20
74            android:name="com.google.firebase.auth.internal.RecaptchaActivity"
74-->[com.google.firebase:firebase-auth:20.0.1] AndroidManifest.xml:46:13-79
75            android:excludeFromRecents="true"
75-->[com.google.firebase:firebase-auth:20.0.1] AndroidManifest.xml:47:13-46
76            android:exported="true"
76-->[com.google.firebase:firebase-auth:20.0.1] AndroidManifest.xml:48:13-36
77            android:launchMode="singleTask"
77-->[com.google.firebase:firebase-auth:20.0.1] AndroidManifest.xml:49:13-44
78            android:theme="@android:style/Theme.Translucent.NoTitleBar" >
78-->[com.google.firebase:firebase-auth:20.0.1] AndroidManifest.xml:50:13-72
79            <intent-filter>
79-->[com.google.firebase:firebase-auth:20.0.1] AndroidManifest.xml:51:13-61:29
80                <action android:name="android.intent.action.VIEW" />
80-->[com.google.firebase:firebase-auth:20.0.1] AndroidManifest.xml:34:17-69
80-->[com.google.firebase:firebase-auth:20.0.1] AndroidManifest.xml:34:25-66
81
82                <category android:name="android.intent.category.DEFAULT" />
82-->[com.google.firebase:firebase-auth:20.0.1] AndroidManifest.xml:36:17-76
82-->[com.google.firebase:firebase-auth:20.0.1] AndroidManifest.xml:36:27-73
83                <category android:name="android.intent.category.BROWSABLE" />
83-->[com.google.firebase:firebase-auth:20.0.1] AndroidManifest.xml:37:17-78
83-->[com.google.firebase:firebase-auth:20.0.1] AndroidManifest.xml:37:27-75
84
85                <data
85-->[com.google.firebase:firebase-auth:20.0.1] AndroidManifest.xml:39:17-42:51
86                    android:host="firebase.auth"
86-->[com.google.firebase:firebase-auth:20.0.1] AndroidManifest.xml:40:21-49
87                    android:path="/"
87-->[com.google.firebase:firebase-auth:20.0.1] AndroidManifest.xml:41:21-37
88                    android:scheme="recaptcha" />
88-->[com.google.firebase:firebase-auth:20.0.1] AndroidManifest.xml:42:21-48
89            </intent-filter>
90        </activity>
91
92        <service
92-->[com.google.firebase:firebase-auth:20.0.1] AndroidManifest.xml:64:9-73:19
93            android:name="com.google.firebase.auth.api.fallback.service.FirebaseAuthFallbackService"
93-->[com.google.firebase:firebase-auth:20.0.1] AndroidManifest.xml:65:13-101
94            android:enabled="true"
94-->[com.google.firebase:firebase-auth:20.0.1] AndroidManifest.xml:66:13-35
95            android:exported="false" >
95-->[com.google.firebase:firebase-auth:20.0.1] AndroidManifest.xml:67:13-37
96            <intent-filter>
96-->[com.google.firebase:firebase-auth:20.0.1] AndroidManifest.xml:68:13-72:29
97                <action android:name="com.google.firebase.auth.api.gms.service.START" />
97-->[com.google.firebase:firebase-auth:20.0.1] AndroidManifest.xml:69:17-89
97-->[com.google.firebase:firebase-auth:20.0.1] AndroidManifest.xml:69:25-86
98
99                <category android:name="android.intent.category.DEFAULT" />
99-->[com.google.firebase:firebase-auth:20.0.1] AndroidManifest.xml:36:17-76
99-->[com.google.firebase:firebase-auth:20.0.1] AndroidManifest.xml:36:27-73
100            </intent-filter>
101        </service>
102        <service
102-->[com.google.firebase:firebase-auth:20.0.1] AndroidManifest.xml:74:9-80:19
103            android:name="com.google.firebase.components.ComponentDiscoveryService"
103-->[com.google.firebase:firebase-auth:20.0.1] AndroidManifest.xml:75:13-84
104            android:directBootAware="true"
104-->[com.google.firebase:firebase-common:19.4.0] AndroidManifest.xml:35:13-43
105            android:exported="false" >
105-->[com.google.firebase:firebase-auth:20.0.1] AndroidManifest.xml:76:13-37
106            <meta-data
106-->[com.google.firebase:firebase-auth:20.0.1] AndroidManifest.xml:77:13-79:85
107                android:name="com.google.firebase.components:com.google.firebase.auth.FirebaseAuthRegistrar"
107-->[com.google.firebase:firebase-auth:20.0.1] AndroidManifest.xml:78:17-109
108                android:value="com.google.firebase.components.ComponentRegistrar" />
108-->[com.google.firebase:firebase-auth:20.0.1] AndroidManifest.xml:79:17-82
109            <meta-data
109-->[com.google.firebase:firebase-database:19.5.1] AndroidManifest.xml:32:13-34:85
110                android:name="com.google.firebase.components:com.google.firebase.database.DatabaseRegistrar"
110-->[com.google.firebase:firebase-database:19.5.1] AndroidManifest.xml:33:17-109
111                android:value="com.google.firebase.components.ComponentRegistrar" />
111-->[com.google.firebase:firebase-database:19.5.1] AndroidManifest.xml:34:17-82
112        </service>
113
114        <provider
114-->[com.squareup.picasso:picasso:2.71828] AndroidManifest.xml:8:9-11:40
115            android:name="com.squareup.picasso.PicassoProvider"
115-->[com.squareup.picasso:picasso:2.71828] AndroidManifest.xml:9:13-64
116            android:authorities="cmsc436.changemyview.com.squareup.picasso"
116-->[com.squareup.picasso:picasso:2.71828] AndroidManifest.xml:10:13-72
117            android:exported="false" />
117-->[com.squareup.picasso:picasso:2.71828] AndroidManifest.xml:11:13-37
118        <provider
118-->[com.google.firebase:firebase-common:19.4.0] AndroidManifest.xml:26:9-31:39
119            android:name="com.google.firebase.provider.FirebaseInitProvider"
119-->[com.google.firebase:firebase-common:19.4.0] AndroidManifest.xml:27:13-77
120            android:authorities="cmsc436.changemyview.firebaseinitprovider"
120-->[com.google.firebase:firebase-common:19.4.0] AndroidManifest.xml:28:13-72
121            android:directBootAware="true"
121-->[com.google.firebase:firebase-common:19.4.0] AndroidManifest.xml:29:13-43
122            android:exported="false"
122-->[com.google.firebase:firebase-common:19.4.0] AndroidManifest.xml:30:13-37
123            android:initOrder="100" />
123-->[com.google.firebase:firebase-common:19.4.0] AndroidManifest.xml:31:13-36
124
125        <activity
125-->[com.google.android.gms:play-services-base:17.1.0] AndroidManifest.xml:23:9-26:75
126            android:name="com.google.android.gms.common.api.GoogleApiActivity"
126-->[com.google.android.gms:play-services-base:17.1.0] AndroidManifest.xml:24:13-79
127            android:exported="false"
127-->[com.google.android.gms:play-services-base:17.1.0] AndroidManifest.xml:25:13-37
128            android:theme="@android:style/Theme.Translucent.NoTitleBar" />
128-->[com.google.android.gms:play-services-base:17.1.0] AndroidManifest.xml:26:13-72
129
130        <meta-data
130-->[com.google.android.gms:play-services-basement:17.1.0] AndroidManifest.xml:23:9-25:69
131            android:name="com.google.android.gms.version"
131-->[com.google.android.gms:play-services-basement:17.1.0] AndroidManifest.xml:24:13-58
132            android:value="@integer/google_play_services_version" />
132-->[com.google.android.gms:play-services-basement:17.1.0] AndroidManifest.xml:25:13-66
133
134        <provider
134-->[androidx.lifecycle:lifecycle-process:2.2.0] AndroidManifest.xml:25:9-29:43
135            android:name="androidx.lifecycle.ProcessLifecycleOwnerInitializer"
135-->[androidx.lifecycle:lifecycle-process:2.2.0] AndroidManifest.xml:26:13-79
136            android:authorities="cmsc436.changemyview.lifecycle-process"
136-->[androidx.lifecycle:lifecycle-process:2.2.0] AndroidManifest.xml:27:13-69
137            android:exported="false"
137-->[androidx.lifecycle:lifecycle-process:2.2.0] AndroidManifest.xml:28:13-37
138            android:multiprocess="true" />
138-->[androidx.lifecycle:lifecycle-process:2.2.0] AndroidManifest.xml:29:13-40
139    </application>
140
141</manifest>